2025-12-23 17:19:21,223 - INFO - Before Number of rows for Good class : 111930
2025-12-23 17:19:21,229 - INFO - Before Number of rows for Bad class : 8070
2025-12-23 17:19:21,475 - INFO - After Number of rows for Good class : 111930
2025-12-23 17:19:21,488 - INFO - After Number of rows for Bad class : 111930
2025-12-23 17:19:21,488 - INFO - (223860, 12)
2025-12-23 17:19:21,488 - INFO - (223860,)
2025-12-23 17:19:21,554 - INFO -         ageyeo_trim  ...  Education_res
100809    13.309492  ...       4.000000
59603     20.410451  ...       2.000000
26471     13.040048  ...       0.000000
25553     17.757565  ...       3.000000
135952    14.514295  ...       4.000000
12846     15.121746  ...       1.000000
45493     15.863640  ...       0.000000
175285    18.131504  ...       3.786231
91824     12.492182  ...       0.000000
32259     17.294637  ...       0.000000

[10 rows x 12 columns]
2025-12-23 17:19:21,649 - INFO - [[-0.78510152 -0.77418617 -1.1441428  ... -0.90804869  0.98633466
  -1.38373769]
 [ 0.44699017  0.69578713  0.35508292 ... -0.90804869  0.98633466
  -0.75330858]
 [-1.10231529 -0.26418059 -1.1441428  ...  1.20750493 -1.36504603
   1.13797875]
 ...
 [-1.24418374 -1.19484002 -1.1441428  ... -0.90804869  0.98633466
  -0.75330858]
 [ 0.27307954 -2.17825641 -1.1441428  ... -0.90804869  0.98633466
  -0.75330858]
 [-0.3888886   1.04714868  1.20357763 ... -0.75274664  0.98633466
   0.50754964]]
