2025-12-23 17:19:18,912 - INFO - Index(['NPA Status', 'RevolvingUtilizationOfUnsecuredLines', 'age',
       'NumberOfTime30-59DaysPastDueNotWorse', 'DebtRatio',
       'NumberOfOpenCreditLinesAndLoans', 'NumberOfTimes90DaysLate',
       'NumberRealEstateLoansOrLines', 'NumberOfTime60-89DaysPastDueNotWorse',
       'MonthlyIncome_replaced', 'NumberOfDependents_replaced'],
      dtype='object') -> (120000, 11)
2025-12-23 17:19:18,912 - INFO - Index(['NPA Status', 'RevolvingUtilizationOfUnsecuredLines', 'age',
       'NumberOfTime30-59DaysPastDueNotWorse', 'DebtRatio',
       'NumberOfOpenCreditLinesAndLoans', 'NumberOfTimes90DaysLate',
       'NumberRealEstateLoansOrLines', 'NumberOfTime60-89DaysPastDueNotWorse',
       'MonthlyIncome_replaced', 'NumberOfDependents_replaced'],
      dtype='object') -> (30000, 11)
2025-12-23 17:19:20,438 - INFO - Index(['NPA Statusyeo_trim', 'RevolvingUtilizationOfUnsecuredLinesyeo_trim',
       'ageyeo_trim', 'NumberOfTime30-59DaysPastDueNotWorseyeo_trim',
       'DebtRatioyeo_trim', 'NumberOfOpenCreditLinesAndLoansyeo_trim',
       'NumberOfTimes90DaysLateyeo_trim',
       'NumberRealEstateLoansOrLinesyeo_trim',
       'NumberOfTime60-89DaysPastDueNotWorseyeo_trim',
       'MonthlyIncome_replacedyeo_trim',
       'NumberOfDependents_replacedyeo_trim'],
      dtype='object') -> (120000, 11)
2025-12-23 17:19:20,438 - INFO - Index(['NPA Statusyeo_trim', 'RevolvingUtilizationOfUnsecuredLinesyeo_trim',
       'ageyeo_trim', 'NumberOfTime30-59DaysPastDueNotWorseyeo_trim',
       'DebtRatioyeo_trim', 'NumberOfOpenCreditLinesAndLoansyeo_trim',
       'NumberOfTimes90DaysLateyeo_trim',
       'NumberRealEstateLoansOrLinesyeo_trim',
       'NumberOfTime60-89DaysPastDueNotWorseyeo_trim',
       'MonthlyIncome_replacedyeo_trim',
       'NumberOfDependents_replacedyeo_trim'],
      dtype='object') -> (30000, 11)
